<?xml version="1.0" encoding="UTF-8" ?>
<testsuites errors="1"
            failures="0"
            tests="1">

  <testsuite name="rocketChat"
    errors="1" failures="0" hostname="" id="" package="rocketChat" skipped="0"
    tests="1" time="0.003000" timestamp="">
  
    <testcase name="step 1: navigate to rocket chat" classname="rocketChat" time="0.003000" assertions="0">
    <error message="Cannot read properties of undefined (reading &#39;navigate&#39;)" type="error"><![CDATA[
    TypeError: Cannot read properties of undefined (reading &#39;navigate&#39;)
    at Object.step 1: navigate to rocket chat (E:\Work\nightwatch\src\tests\rocketChat.js:9:8)
    at Context.call (C:\Users\hodac\AppData\Roaming\npm\node_modules\nightwatch\lib\testsuite\context.js:376:35)
    at TestCase.run (C:\Users\hodac\AppData\Roaming\npm\node_modules\nightwatch\lib\testsuite\testcase.js:58:31)
    at Runnable.__runFn (C:\Users\hodac\AppData\Roaming\npm\node_modules\nightwatch\lib\testsuite\index.js:384:80)
    at Runnable.run (C:\Users\hodac\AppData\Roaming\npm\node_modules\nightwatch\lib\testsuite\runnable.js:123:21)
    at TestSuite.createRunnable (C:\Users\hodac\AppData\Roaming\npm\node_modules\nightwatch\lib\testsuite\index.js:496:33)
    at TestSuite.handleRunnable (C:\Users\hodac\AppData\Roaming\npm\node_modules\nightwatch\lib\testsuite\index.js:501:18)
    at C:\Users\hodac\AppData\Roaming\npm\node_modules\nightwatch\lib\testsuite\index.js:384:21
    at processTicksAndRejections (node:internal/process/task_queues:96:5)
    at async DefaultRunner.runTestSuite (C:\Users\hodac\AppData\Roaming\npm\node_modules\nightwatch\lib\runner\test-runners\default.js:68:7)
    ]]></error>
    
    </testcase>
  

  
    <system-err>
        ReferenceError: page is not defined
       at Object.Step 1: Go to Advance Search page (E:\Work\nightwatch\src\tests\googleAdvancedSearch.js:7:5)
       at processTicksAndRejections (node:internal/process/task_queues:96:5)
  TypeError: Cannot read properties of undefined (reading &#39;navigate&#39;)
       at Object.step 1: navigate to rocket chat (E:\Work\nightwatch\src\tests\rocketChat.js:9:8)
       at processTicksAndRejections (node:internal/process/task_queues:96:5)
    </system-err>
  

    

  
  </testsuite>
</testsuites>
