<?xml version="1.0" encoding="UTF-8" ?>
<testsuites errors="0"
            failures="0"
            tests="2">

  <testsuite name="ecosiaExample"
    errors="0" failures="0" hostname="" id="" package="ecosiaExample" skipped="0"
    tests="2" time="7.283" timestamp="">
  
    <testcase name="step one: navigate to ecosia.org" classname="ecosiaExample" time="4.325" assertions="4">

    

    

    

    
    </testcase>
  
    <testcase name="step two: click submit" classname="ecosiaExample" time="2.958" assertions="1">

    
    </testcase>
  

  
    <system-err>
        ReferenceError: page is not defined
       at Object.Step 1: Go to Advance Search page (E:\Work\nightwatch\src\tests\googleAdvancedSearch.js:7:5)
       at processTicksAndRejections (node:internal/process/task_queues:96:5)
  TypeError: Cannot read properties of undefined (reading &#39;navigate&#39;)
       at Object.step 1: navigate to rocket chat (E:\Work\nightwatch\src\tests\rocketChat.js:9:8)
       at processTicksAndRejections (node:internal/process/task_queues:96:5)
    </system-err>
  

    

  
  </testsuite>
</testsuites>
