<?xml version="1.0" encoding="UTF-8" ?>
<testsuites errors="0"
            failures="0"
            tests="2">

  <testsuite name="googleAdvancedSearch"
    errors="0" failures="0" hostname="" id="" package="googleAdvancedSearch" skipped="0"
    tests="2" time="9.378" timestamp="">
  
    <testcase name="Step 1: Go to Advance Search page" classname="googleAdvancedSearch" time="1.863" assertions="1">

    
    </testcase>
  
    <testcase name="Step 2: Insert keywords to main input Query" classname="googleAdvancedSearch" time="7.515" assertions="0">
    </testcase>
  

  

    

  
  </testsuite>
</testsuites>
