<?xml version="1.0" encoding="UTF-8" ?>
<testsuites errors="0"
            failures="0"
            tests="2">

  <testsuite name="ecosiaExample"
    errors="0" failures="0" hostname="" id="" package="ecosiaExample" skipped="0"
    tests="2" time="8.811" timestamp="">
  
    <testcase name="step one: navigate to ecosia.org" classname="ecosiaExample" time="4.139" assertions="4">

    

    

    

    
    </testcase>
  
    <testcase name="step two: click submit" classname="ecosiaExample" time="4.672" assertions="1">

    
    </testcase>
  

  

    

  
  </testsuite>
</testsuites>
